<?xml version="1.0" encoding="UTF-8"?>
<testsuite name="com.example.project.TestGroceryStore" tests="2" skipped="0" failures="0" errors="0" timestamp="2025-02-12T17:02:05" hostname="codespaces-b573eb" time="0.035">
  <properties/>
  <testcase name="testReorderPARTA()" classname="com.example.project.TestGroceryStore" time="0.031"/>
  <testcase name="testReorderPARTB()" classname="com.example.project.TestGroceryStore" time="0.002"/>
  <system-out><![CDATA[]]></system-out>
  <system-err><![CDATA[]]></system-err>
</testsuite>
